<?xml version="1.0" encoding="UTF-8"?>
<testng-results ignored="0" total="1" passed="1" failed="0" skipped="0">
  <reporter-output>
  </reporter-output>
  <suite started-at="2020-02-17T10:52:09 IST" name="Default suite" finished-at="2020-02-17T10:56:06 IST" duration-ms="236895">
    <groups>
    </groups>
    <test started-at="2020-02-17T10:52:09 IST" name="Default test" finished-at="2020-02-17T10:56:06 IST" duration-ms="236895">
      <class name="FindBrokenLinks">
        <test-method signature="checkLinks()[pri:0, instance:FindBrokenLinks@23f7d05d]" started-at="2020-02-17T10:52:09 IST" name="checkLinks" finished-at="2020-02-17T10:56:06 IST" duration-ms="236792" status="PASS">
          <reporter-output>
          </reporter-output>
        </test-method> <!-- checkLinks -->
      </class> <!-- FindBrokenLinks -->
    </test> <!-- Default test -->
  </suite> <!-- Default suite -->
</testng-results>
